<?xml version="1.0" encoding="UTF-8"?>
<!-- Generated by org.testng.reporters.JUnitXMLReporter -->
<testsuite hostname="DESKTOP-EHSQD5N" ignored="0" name="test" tests="4" failures="0" timestamp="12 十月 2017 06:39:49 GMT" time="0.034" errors="0">
  <testcase name="getParameterFromDataProvider" time="0.008" classname="com.liuguoping.trytestng.TestParameterXML"/>
  <testcase name="getParameterFromDataProvider" time="0.002" classname="com.liuguoping.trytestng.TestParameterXML"/>
  <testcase name="getParameterFromDataProvider" time="0.002" classname="com.liuguoping.trytestng.TestParameterXML"/>
  <testcase name="getParameterFromXml" time="0.001" classname="com.liuguoping.trytestng.TestParameterXML"/>
</testsuite> <!-- test -->
