-------------------------------------------------------------------------------
Test set: com.zerozero.androidappautotestcases.TestHomePage
-------------------------------------------------------------------------------
Tests run: 6, Failures: 1, Errors: 0, Skipped: 0, Time elapsed: 28.845 sec <<< FAILURE! - in com.zerozero.androidappautotestcases.TestHomePage
testElementsOfHomePage(com.zerozero.androidappautotestcases.TestHomePage)  Time elapsed: 4.149 sec  <<< FAILURE!
java.lang.AssertionError: element is missing
	at com.zerozero.androidappautotestcases.TestHomePage.testElementsOfHomePage(TestHomePage.java:56)

