<?xml version="1.0" encoding="UTF-8"?>
<testsuite xmlns:xsi="http://www.w3.org/2001/XMLSchema-instance" xsi:schemaLocation="https://maven.apache.org/surefire/maven-surefire-plugin/xsd/surefire-test-report.xsd" name="com.zerozero.androidappautotestcases.TestTutorial" time="45.791" tests="3" errors="0" skipped="0" failures="0">
  <properties>
[...]
</properties>
  <testcase name="testSkipTutorial" classname="com.zerozero.androidappautotestcases.TestTutorial" time="12.526"/>
  <testcase name="testCloseTermspage" classname="com.zerozero.androidappautotestcases.TestTutorial" time="11.151"/>
  <testcase name="testPassTutorial" classname="com.zerozero.androidappautotestcases.TestTutorial" time="22.109"/>
</testsuite>