<?xml version="1.0" encoding="UTF-8"?>
<testsuite xmlns:xsi="http://www.w3.org/2001/XMLSchema-instance" xsi:schemaLocation="https://maven.apache.org/surefire/maven-surefire-plugin/xsd/surefire-test-report.xsd" name="com.zerozero.androidappautotestcases.TestImageView" time="187.822" tests="9" errors="2" skipped="0" failures="0">
  <properties>
[...]
</properties>
  <testcase name="testChangeModeOfImgView" classname="com.zerozero.androidappautotestcases.TestImageView" time="17.249"/>
  <testcase name="testFlyLandWithoutFly" classname="com.zerozero.androidappautotestcases.TestImageView" time="15.312"/>
  <testcase name="testTakePhoto" classname="com.zerozero.androidappautotestcases.TestImageView" time="29.255"/>
  <testcase name="testTakePhotoWithFlash" classname="com.zerozero.androidappautotestcases.TestImageView" time="31.095"/>
  <testcase name="testTakePhotoWithTimer" classname="com.zerozero.androidappautotestcases.TestImageView" time="45.505">
    <error message="A new session could not be created. (WARNING: The server did not provide any stacktrace information)&#10;Command duration or timeout: 0 milliseconds&#10;Build info: version: &apos;3.0.1&apos;, revision: &apos;1969d75&apos;, time: &apos;2016-10-18 09:49:13 -0700&apos;&#10;System info: host: &apos;DESKTOP-EHSQD5N&apos;, ip: &apos;192.168.187.6&apos;, os.name: &apos;Windows 10&apos;, os.arch: &apos;amd64&apos;, os.version: &apos;10.0&apos;, java.version: &apos;1.8.0_112&apos;&#10;Driver info: driver.version: AndroidDriver" type="org.openqa.selenium.SessionNotCreatedException">org.openqa.selenium.SessionNotCreatedException: 
A new session could not be created. (WARNING: The server did not provide any stacktrace information)
Command duration or timeout: 0 milliseconds
Build info: version: '3.0.1', revision: '1969d75', time: '2016-10-18 09:49:13 -0700'
System info: host: 'DESKTOP-EHSQD5N', ip: '192.168.187.6', os.name: 'Windows 10', os.arch: 'amd64', os.version: '10.0', java.version: '1.8.0_112'
Driver info: driver.version: AndroidDriver
	at com.zerozero.androidappautotestcases.TestImageView.setUp(TestImageView.java:36)
</error>
    <system-err><![CDATA[三月 07, 2017 4:47:36 下午 org.openqa.selenium.remote.ProtocolHandshake createSession
信息: Attempting bi-dialect session, assuming Postel's Law holds true on the remote end
]]></system-err>
  </testcase>
  <testcase name="testTakePhotoWithTimer" classname="com.zerozero.androidappautotestcases.TestImageView" time="45.505">
    <error type="java.lang.NullPointerException">java.lang.NullPointerException
	at com.zerozero.androidappautotestcases.TestImageView.tearDown(TestImageView.java:251)
</error>
  </testcase>
  <testcase name="testTrackWithoutFly" classname="com.zerozero.androidappautotestcases.TestImageView" time="13.777"/>
  <testcase name="testVideoShotWithoutFly" classname="com.zerozero.androidappautotestcases.TestImageView" time="15.011"/>
  <testcase name="testWait" classname="com.zerozero.androidappautotestcases.TestImageView" time="20.618"/>
</testsuite>