<?xml version="1.0" encoding="UTF-8" ?>
<testsuite tests="19" failures="2" name="com.zerozero.AndroidAppAutoTestCases.TestSettings" time="175.935" errors="0" skipped="0">
  <properties>
[...]
</properties>
  <testcase classname="com.zerozero.AndroidAppAutoTestCases.TestSettings" name="testSocialNetwork" time="5.585"/>
  <testcase classname="com.zerozero.AndroidAppAutoTestCases.TestSettings" name="testDownloadPhotoFromMemory" time="20.069"/>
  <testcase classname="com.zerozero.AndroidAppAutoTestCases.TestSettings" name="testFormatMemory" time="16.332"/>
  <testcase classname="com.zerozero.AndroidAppAutoTestCases.TestSettings" name="testMemoryManagement" time="10.236"/>
  <testcase classname="com.zerozero.AndroidAppAutoTestCases.TestSettings" name="testSwipe" time="6.544"/>
  <testcase classname="com.zerozero.AndroidAppAutoTestCases.TestSettings" name="testBeastMode" time="3.011"/>
  <testcase classname="com.zerozero.AndroidAppAutoTestCases.TestSettings" name="testFactoryReset" time="6.861"/>
  <testcase classname="com.zerozero.AndroidAppAutoTestCases.TestSettings" name="testDefaultRecordVideoSettings" time="3.844"/>
  <testcase classname="com.zerozero.AndroidAppAutoTestCases.TestSettings" name="testFirmwareUpdate" time="10.252"/>
  <testcase classname="com.zerozero.AndroidAppAutoTestCases.TestSettings" name="testAboutPage" time="3.231"/>
  <testcase classname="com.zerozero.AndroidAppAutoTestCases.TestSettings" name="testHelpCenter" time="3.243"/>
  <testcase classname="com.zerozero.AndroidAppAutoTestCases.TestSettings" name="testWaterMark" time="16.035"/>
  <testcase classname="com.zerozero.AndroidAppAutoTestCases.TestSettings" name="testFeedBack" time="4.023"/>
  <testcase classname="com.zerozero.AndroidAppAutoTestCases.TestSettings" name="testJumpToTutorial" time="9.059"/>
  <testcase classname="com.zerozero.AndroidAppAutoTestCases.TestSettings" name="testChangeWifiBand" time="6.083"/>
  <testcase classname="com.zerozero.AndroidAppAutoTestCases.TestSettings" name="testChangeWifiInfo" time="6.434"/>
  <testcase classname="com.zerozero.AndroidAppAutoTestCases.TestSettings" name="testDeleteVideoInMemory" time="14.768">
    <failure message="Fail to delete video which is not downloaded!" type="java.lang.AssertionError">java.lang.AssertionError: Fail to delete video which is not downloaded!
	at org.junit.Assert.fail(Assert.java:88)
	at org.junit.Assert.assertTrue(Assert.java:41)
	at com.zerozero.AndroidAppAutoTestCases.TestSettings.testDeleteVideoInMemory(TestSettings.java:223)
	at sun.reflect.NativeMethodAccessorImpl.invoke0(Native Method)
	at sun.reflect.NativeMethodAccessorImpl.invoke(NativeMethodAccessorImpl.java:62)
	at sun.reflect.DelegatingMethodAccessorImpl.invoke(DelegatingMethodAccessorImpl.java:43)
	at java.lang.reflect.Method.invoke(Method.java:498)
	at org.junit.runners.model.FrameworkMethod$1.runReflectiveCall(FrameworkMethod.java:50)
	at org.junit.internal.runners.model.ReflectiveCallable.run(ReflectiveCallable.java:12)
	at org.junit.runners.model.FrameworkMethod.invokeExplosively(FrameworkMethod.java:47)
	at org.junit.internal.runners.statements.InvokeMethod.evaluate(InvokeMethod.java:17)
	at org.junit.internal.runners.statements.RunBefores.evaluate(RunBefores.java:26)
	at org.junit.internal.runners.statements.RunAfters.evaluate(RunAfters.java:27)
	at org.junit.runners.ParentRunner.runLeaf(ParentRunner.java:325)
	at org.junit.runners.BlockJUnit4ClassRunner.runChild(BlockJUnit4ClassRunner.java:78)
	at org.junit.runners.BlockJUnit4ClassRunner.runChild(BlockJUnit4ClassRunner.java:57)
	at org.junit.runners.ParentRunner$3.run(ParentRunner.java:290)
	at org.junit.runners.ParentRunner$1.schedule(ParentRunner.java:71)
	at org.junit.runners.ParentRunner.runChildren(ParentRunner.java:288)
	at org.junit.runners.ParentRunner.access$000(ParentRunner.java:58)
	at org.junit.runners.ParentRunner$2.evaluate(ParentRunner.java:268)
	at org.junit.runners.ParentRunner.run(ParentRunner.java:363)
	at org.apache.maven.surefire.junit4.JUnit4Provider.execute(JUnit4Provider.java:252)
	at org.apache.maven.surefire.junit4.JUnit4Provider.executeTestSet(JUnit4Provider.java:141)
	at org.apache.maven.surefire.junit4.JUnit4Provider.invoke(JUnit4Provider.java:112)
	at sun.reflect.NativeMethodAccessorImpl.invoke0(Native Method)
	at sun.reflect.NativeMethodAccessorImpl.invoke(NativeMethodAccessorImpl.java:62)
	at sun.reflect.DelegatingMethodAccessorImpl.invoke(DelegatingMethodAccessorImpl.java:43)
	at java.lang.reflect.Method.invoke(Method.java:498)
	at org.apache.maven.surefire.util.ReflectionUtils.invokeMethodWithArray(ReflectionUtils.java:189)
	at org.apache.maven.surefire.booter.ProviderFactory$ProviderProxy.invoke(ProviderFactory.java:165)
	at org.apache.maven.surefire.booter.ProviderFactory.invokeProvider(ProviderFactory.java:85)
	at org.apache.maven.surefire.booter.ForkedBooter.runSuitesInProcess(ForkedBooter.java:115)
	at org.apache.maven.surefire.booter.ForkedBooter.main(ForkedBooter.java:75)
</failure>
    <system-out>testCase: test delete video in memory
</system-out>
    <system-err>一月 19, 2017 2:58:58 下午 org.openqa.selenium.remote.ProtocolHandshake createSession
信息: Attempting bi-dialect session, assuming Postel&apos;s Law holds true on the remote end
一月 19, 2017 2:59:00 下午 org.openqa.selenium.remote.ProtocolHandshake createSession
信息: Detected dialect: OSS
</system-err>
  </testcase>
  <testcase classname="com.zerozero.AndroidAppAutoTestCases.TestSettings" name="testDeletePhotoInMemory" time="14.385">
    <failure message="Fail to delete photo which is not downloaded!" type="java.lang.AssertionError">java.lang.AssertionError: Fail to delete photo which is not downloaded!
	at org.junit.Assert.fail(Assert.java:88)
	at org.junit.Assert.assertTrue(Assert.java:41)
	at com.zerozero.AndroidAppAutoTestCases.TestSettings.testDeletePhotoInMemory(TestSettings.java:176)
	at sun.reflect.NativeMethodAccessorImpl.invoke0(Native Method)
	at sun.reflect.NativeMethodAccessorImpl.invoke(NativeMethodAccessorImpl.java:62)
	at sun.reflect.DelegatingMethodAccessorImpl.invoke(DelegatingMethodAccessorImpl.java:43)
	at java.lang.reflect.Method.invoke(Method.java:498)
	at org.junit.runners.model.FrameworkMethod$1.runReflectiveCall(FrameworkMethod.java:50)
	at org.junit.internal.runners.model.ReflectiveCallable.run(ReflectiveCallable.java:12)
	at org.junit.runners.model.FrameworkMethod.invokeExplosively(FrameworkMethod.java:47)
	at org.junit.internal.runners.statements.InvokeMethod.evaluate(InvokeMethod.java:17)
	at org.junit.internal.runners.statements.RunBefores.evaluate(RunBefores.java:26)
	at org.junit.internal.runners.statements.RunAfters.evaluate(RunAfters.java:27)
	at org.junit.runners.ParentRunner.runLeaf(ParentRunner.java:325)
	at org.junit.runners.BlockJUnit4ClassRunner.runChild(BlockJUnit4ClassRunner.java:78)
	at org.junit.runners.BlockJUnit4ClassRunner.runChild(BlockJUnit4ClassRunner.java:57)
	at org.junit.runners.ParentRunner$3.run(ParentRunner.java:290)
	at org.junit.runners.ParentRunner$1.schedule(ParentRunner.java:71)
	at org.junit.runners.ParentRunner.runChildren(ParentRunner.java:288)
	at org.junit.runners.ParentRunner.access$000(ParentRunner.java:58)
	at org.junit.runners.ParentRunner$2.evaluate(ParentRunner.java:268)
	at org.junit.runners.ParentRunner.run(ParentRunner.java:363)
	at org.apache.maven.surefire.junit4.JUnit4Provider.execute(JUnit4Provider.java:252)
	at org.apache.maven.surefire.junit4.JUnit4Provider.executeTestSet(JUnit4Provider.java:141)
	at org.apache.maven.surefire.junit4.JUnit4Provider.invoke(JUnit4Provider.java:112)
	at sun.reflect.NativeMethodAccessorImpl.invoke0(Native Method)
	at sun.reflect.NativeMethodAccessorImpl.invoke(NativeMethodAccessorImpl.java:62)
	at sun.reflect.DelegatingMethodAccessorImpl.invoke(DelegatingMethodAccessorImpl.java:43)
	at java.lang.reflect.Method.invoke(Method.java:498)
	at org.apache.maven.surefire.util.ReflectionUtils.invokeMethodWithArray(ReflectionUtils.java:189)
	at org.apache.maven.surefire.booter.ProviderFactory$ProviderProxy.invoke(ProviderFactory.java:165)
	at org.apache.maven.surefire.booter.ProviderFactory.invokeProvider(ProviderFactory.java:85)
	at org.apache.maven.surefire.booter.ForkedBooter.runSuitesInProcess(ForkedBooter.java:115)
	at org.apache.maven.surefire.booter.ForkedBooter.main(ForkedBooter.java:75)
</failure>
    <system-out>testCase: test delete photo in memory
</system-out>
    <system-err>一月 19, 2017 2:59:12 下午 org.openqa.selenium.remote.ProtocolHandshake createSession
信息: Attempting bi-dialect session, assuming Postel&apos;s Law holds true on the remote end
一月 19, 2017 2:59:15 下午 org.openqa.selenium.remote.ProtocolHandshake createSession
信息: Detected dialect: OSS
</system-err>
  </testcase>
  <testcase classname="com.zerozero.AndroidAppAutoTestCases.TestSettings" name="testRecordVideoSettings" time="15.94"/>
</testsuite>