<?xml version="1.0" encoding="UTF-8"?>
<testng-results skipped="0" failed="0" ignored="0" total="10" passed="10">
  <reporter-output>
  </reporter-output>
  <suite name="Default suite" duration-ms="20657" started-at="2017-10-12T06:41:18Z" finished-at="2017-10-12T06:41:39Z">
    <groups>
    </groups>
    <test name="Default test" duration-ms="20657" started-at="2017-10-12T06:41:18Z" finished-at="2017-10-12T06:41:39Z">
      <class name="com.liuguoping.trytestng.TestSelenium">
        <test-method status="PASS" signature="fuc()[pri:0, instance:com.liuguoping.trytestng.TestSelenium@1d057a39]" name="fuc" duration-ms="3823" started-at="2017-10-12T14:41:18Z" finished-at="2017-10-12T14:41:22Z">
          <reporter-output>
          </reporter-output>
        </test-method> <!-- fuc -->
        <test-method status="PASS" signature="fuc()[pri:0, instance:com.liuguoping.trytestng.TestSelenium@1d057a39]" name="fuc" duration-ms="10375" started-at="2017-10-12T14:41:18Z" finished-at="2017-10-12T14:41:28Z">
          <reporter-output>
          </reporter-output>
        </test-method> <!-- fuc -->
        <test-method status="PASS" signature="fuc()[pri:0, instance:com.liuguoping.trytestng.TestSelenium@1d057a39]" name="fuc" duration-ms="3824" started-at="2017-10-12T14:41:18Z" finished-at="2017-10-12T14:41:22Z">
          <reporter-output>
          </reporter-output>
        </test-method> <!-- fuc -->
        <test-method status="PASS" signature="fuc()[pri:0, instance:com.liuguoping.trytestng.TestSelenium@1d057a39]" name="fuc" duration-ms="3143" started-at="2017-10-12T14:41:22Z" finished-at="2017-10-12T14:41:25Z">
          <reporter-output>
          </reporter-output>
        </test-method> <!-- fuc -->
        <test-method status="PASS" signature="fuc()[pri:0, instance:com.liuguoping.trytestng.TestSelenium@1d057a39]" name="fuc" duration-ms="3016" started-at="2017-10-12T14:41:22Z" finished-at="2017-10-12T14:41:25Z">
          <reporter-output>
          </reporter-output>
        </test-method> <!-- fuc -->
        <test-method status="PASS" signature="fuc()[pri:0, instance:com.liuguoping.trytestng.TestSelenium@1d057a39]" name="fuc" duration-ms="3132" started-at="2017-10-12T14:41:25Z" finished-at="2017-10-12T14:41:28Z">
          <reporter-output>
          </reporter-output>
        </test-method> <!-- fuc -->
        <test-method status="PASS" signature="fuc()[pri:0, instance:com.liuguoping.trytestng.TestSelenium@1d057a39]" name="fuc" duration-ms="2981" started-at="2017-10-12T14:41:25Z" finished-at="2017-10-12T14:41:28Z">
          <reporter-output>
          </reporter-output>
        </test-method> <!-- fuc -->
        <test-method status="PASS" signature="fuc()[pri:0, instance:com.liuguoping.trytestng.TestSelenium@1d057a39]" name="fuc" duration-ms="3138" started-at="2017-10-12T14:41:28Z" finished-at="2017-10-12T14:41:31Z">
          <reporter-output>
          </reporter-output>
        </test-method> <!-- fuc -->
        <test-method status="PASS" signature="fuc()[pri:0, instance:com.liuguoping.trytestng.TestSelenium@1d057a39]" name="fuc" duration-ms="3115" started-at="2017-10-12T14:41:28Z" finished-at="2017-10-12T14:41:31Z">
          <reporter-output>
          </reporter-output>
        </test-method> <!-- fuc -->
        <test-method status="PASS" signature="fuc()[pri:0, instance:com.liuguoping.trytestng.TestSelenium@1d057a39]" name="fuc" duration-ms="10256" started-at="2017-10-12T14:41:28Z" finished-at="2017-10-12T14:41:39Z">
          <reporter-output>
          </reporter-output>
        </test-method> <!-- fuc -->
      </class> <!-- com.liuguoping.trytestng.TestSelenium -->
    </test> <!-- Default test -->
  </suite> <!-- Default suite -->
</testng-results>
